\BOOKMARK [1][-]{section.1}{SUMMARY OF THE PROPOSAL}{}% 1
\BOOKMARK [1][-]{section.2}{Introduction}{}% 2
\BOOKMARK [1][-]{section.3}{The NEXT project and the ``Challenges of society'' program }{}% 3
\BOOKMARK [1][-]{section.4}{The NEXT project}{}% 4
\BOOKMARK [1][-]{section.5}{Costs of the NEXT project}{}% 5
\BOOKMARK [2][-]{subsection.5.1}{Costs of the NEW detector}{section.5}% 6
\BOOKMARK [2][-]{subsection.5.2}{Costs of the NEXT-100 detector}{section.5}% 7
\BOOKMARK [2][-]{subsection.5.3}{Costs of the NEXT infrastructures}{section.5}% 8
\BOOKMARK [2][-]{subsection.5.4}{Costs of computing, calibration and slow controls}{section.5}% 9
\BOOKMARK [2][-]{subsection.5.5}{Total costs equipment, NEXT construction}{section.5}% 10
\BOOKMARK [2][-]{subsection.5.6}{Costs of personnel for NEXT construction}{section.5}% 11
\BOOKMARK [2][-]{subsection.5.7}{Travel to LSC}{section.5}% 12
\BOOKMARK [2][-]{subsection.5.8}{Costs of construction, personnel and travel to LSC}{section.5}% 13
\BOOKMARK [2][-]{subsection.5.9}{Common fund}{section.5}% 14
\BOOKMARK [1][-]{section.6}{The R\046D BaTa program}{}% 15
\BOOKMARK [2][-]{subsection.6.1}{The BaTa program}{section.6}% 16
\BOOKMARK [1][-]{section.7}{BaTa R\046D costs}{}% 17
\BOOKMARK [2][-]{subsection.7.1}{R\046D requirements}{section.7}% 18
\BOOKMARK [2][-]{subsection.7.2}{R\046D costs}{section.7}% 19
\BOOKMARK [1][-]{section.8}{Conclusions}{}% 20
