This is pdfTeX, Version 3.14159265-2.6-1.40.15 (TeX Live 2014) (preloaded format=pdflatex 2014.9.8)  13 SEP 2014 19:32
entering extended mode
 \write18 enabled.
 %&-line parsing enabled.
**crono.tex
(./crono.tex
LaTeX2e <2014/05/01>
Babel <3.9k> and hyphenation patterns for 78 languages loaded.
! Undefined control sequence.
l.6 \subsubsection
                  *{Schedule}
? 
! Emergency stop.
l.6 \subsubsection
                  *{Schedule}
End of file on the terminal!

 
Here is how much of TeX's memory you used:
 5 strings out of 493117
 119 string characters out of 6135434
 52909 words of memory out of 5000000
 3568 multiletter control sequences out of 15000+600000
 3640 words of font info for 14 fonts, out of 8000000 for 9000
 1141 hyphenation exceptions out of 8191
 5i,0n,1p,209b,8s stack positions out of 5000i,500n,10000p,200000b,80000s
!  ==> Fatal error occurred, no output PDF file produced!
