This is pdfTeX, Version 3.1415926-2.5-1.40.14 (TeX Live 2013) (format=pdflatex 2013.10.31)  20 SEP 2014 18:54
entering extended mode
 restricted \write18 enabled.
 file:line:error style messages enabled.
 %&-line parsing enabled.
**PreviousWork.tex
(./PreviousWork.tex
LaTeX2e <2011/06/27>
Babel <3.9f> and hyphenation patterns for 78 languages loaded.

./PreviousWork.tex:5: LaTeX Error: Missing \begin{document}.

See the LaTeX manual or LaTeX Companion for explanation.
Type  H <return>  for immediate help.
 ...                                              
                                                  
l.5 T
     his research project is the continuation of the CONSOLIDER-INGENIO proj...

? 
./PreviousWork.tex:5: Emergency stop.
 ...                                              
                                                  
l.5 T
     his research project is the continuation of the CONSOLIDER-INGENIO proj...

You're in trouble here.  Try typing  <return>  to proceed.
If that doesn't work, type  X <return>  to quit.

 
Here is how much of TeX's memory you used:
 6 strings out of 493315
 279 string characters out of 6137903
 52158 words of memory out of 5000000
 3557 multiletter control sequences out of 15000+600000
 3640 words of font info for 14 fonts, out of 8000000 for 9000
 957 hyphenation exceptions out of 8191
 5i,0n,4p,447b,14s stack positions out of 5000i,500n,10000p,200000b,80000s
./PreviousWork.tex:5:  ==> Fatal error occurred, no output PDF file produced!
